<?xml version="1.0" encoding="utf-8"?><testsuites name="pytest tests"><testsuite name="pytest" errors="0" failures="0" skipped="0" tests="5" time="1.258" timestamp="2026-07-01T06:41:09.473040+00:00" hostname="agent-env-25b3d72d-8310-4916-aa9f-4bc01b3f0d85"><testcase classname="tests.test_smtp_aws_iam" name="test_put_smtp_aws_iam_bad_host_returns_400" time="0.436" /><testcase classname="tests.test_smtp_aws_iam" name="test_put_smtp_aws_iam_success_derives_password" time="0.409" /><testcase classname="tests.test_smtp_aws_iam" name="test_put_smtp_normal_no_conversion" time="0.101" /><testcase classname="tests.test_smtp_aws_iam" name="test_get_smtp_never_returns_password" time="0.072" /><testcase classname="tests.test_smtp_aws_iam" name="test_put_smtp_requires_admin" time="0.072" /></testsuite></testsuites>