<?xml version="1.0" encoding="utf-8"?><testsuites name="pytest tests"><testsuite name="pytest" errors="0" failures="1" skipped="0" tests="5" time="3.166" timestamp="2026-07-01T06:55:16.072842+00:00" hostname="agent-env-25b3d72d-8310-4916-aa9f-4bc01b3f0d85"><testcase classname="tests.test_watermark_submit.TestWatermarkSubmit" name="test_photo_with_comment_succeeds" time="1.305" /><testcase classname="tests.test_watermark_submit.TestWatermarkSubmit" name="test_admin_submission_has_image_and_comment" time="0.175"><failure message="AssertionError: Preview image not accessible: 404&#10;assert 404 == 200&#10; +  where 404 = &lt;Response [404]&gt;.status_code">tests/test_watermark_submit.py:130: in test_admin_submission_has_image_and_comment
    assert pr.status_code == 200, f"Preview image not accessible: {pr.status_code}"
E   AssertionError: Preview image not accessible: 404
E   assert 404 == 200
E    +  where 404 = &lt;Response [404]&gt;.status_code</failure></testcase><testcase classname="tests.test_watermark_submit.TestWatermarkSubmit" name="test_photo_without_comment_succeeds" time="0.498" /><testcase classname="tests.test_watermark_submit.TestWatermarkSubmit" name="test_no_photo_with_comment_succeeds" time="0.609" /><testcase classname="tests.test_watermark_submit.TestWatermarkSubmit" name="test_additional_invoice_photo_with_comment_succeeds" time="0.484" /></testsuite></testsuites>