<?xml version="1.0" encoding="utf-8"?><testsuites name="pytest tests"><testsuite name="pytest" errors="0" failures="0" skipped="0" tests="3" time="1.302" timestamp="2026-07-01T07:09:10.525830+00:00" hostname="agent-env-25b3d72d-8310-4916-aa9f-4bc01b3f0d85"><testcase classname="tests.test_watermark_font" name="test_load_font_returns_scalable_truetype" time="0.001" /><testcase classname="tests.test_watermark_font" name="test_stamp_image_produces_large_dark_band_with_bright_text" time="0.091" /><testcase classname="tests.test_watermark_font" name="test_render_document_page_uses_ttf" time="0.038" /></testsuite></testsuites>