<?xml version="1.0" encoding="utf-8"?><testsuites name="pytest tests"><testsuite name="pytest" errors="0" failures="0" skipped="0" tests="5" time="3.961" timestamp="2026-07-01T07:08:28.035034+00:00" hostname="agent-env-25b3d72d-8310-4916-aa9f-4bc01b3f0d85"><testcase classname="tests.test_watermark_submit.TestWatermarkSubmit" name="test_photo_with_comment_succeeds" time="1.663" /><testcase classname="tests.test_watermark_submit.TestWatermarkSubmit" name="test_admin_submission_has_image_and_comment" time="0.083" /><testcase classname="tests.test_watermark_submit.TestWatermarkSubmit" name="test_photo_without_comment_succeeds" time="0.586" /><testcase classname="tests.test_watermark_submit.TestWatermarkSubmit" name="test_no_photo_with_comment_succeeds" time="0.613" /><testcase classname="tests.test_watermark_submit.TestWatermarkSubmit" name="test_additional_invoice_photo_with_comment_succeeds" time="0.470" /></testsuite></testsuites>